<?xml version="1.0" encoding="UTF-8"?>
<testng-results ignored="0" total="1" passed="1" failed="0" skipped="0">
  <reporter-output>
  </reporter-output>
  <suite started-at="2023-02-09T22:52:15 IST" name="Default suite" finished-at="2023-02-09T22:52:35 IST" duration-ms="19659">
    <groups>
    </groups>
    <test started-at="2023-02-09T22:52:15 IST" name="Default test" finished-at="2023-02-09T22:52:35 IST" duration-ms="19659">
      <class name="com.selenium.steam_2fa.test.SteamLoginTest">
        <test-method is-config="true" signature="beforeMethod()[pri:0, instance:com.selenium.steam_2fa.test.SteamLoginTest@9597028]" started-at="2023-02-09T22:52:15 IST" name="beforeMethod" finished-at="2023-02-09T22:52:20 IST" duration-ms="5190" status="PASS">
          <reporter-output>
          </reporter-output>
        </test-method> <!-- beforeMethod -->
        <test-method signature="test()[pri:0, instance:com.selenium.steam_2fa.test.SteamLoginTest@9597028]" started-at="2023-02-09T22:52:20 IST" name="test" finished-at="2023-02-09T22:52:35 IST" duration-ms="14410" status="PASS">
          <reporter-output>
          </reporter-output>
        </test-method> <!-- test -->
      </class> <!-- com.selenium.steam_2fa.test.SteamLoginTest -->
    </test> <!-- Default test -->
  </suite> <!-- Default suite -->
</testng-results>
